<?xml version="1.0" encoding="UTF-8"?>
<robot generator="Robot 7.4.2 (Python 3.14.3 on win32)" generated="2026-04-01T17:14:20.059348" rpa="false" schemaversion="5">
<suite id="s1" name="UserKeywords" source="C:\Users\shivangi.sahu\PycharmProjects\PythonProject\Automation_Robot\TestCases\UserKeywords.robot">
<test id="s1-t1" name="TC1" line="11">
<kw name="launchBrowser" owner="resources">
<kw name="Open Browser" owner="SeleniumLibrary">
<msg time="2026-04-01T17:14:22.266464" level="INFO">Opening browser 'chrome' to base url 'https://opensource-demo.orangehrmlive.com/web/index.php/auth/login'.</msg>
<arg>${appurl}</arg>
<arg>${appbrowser}</arg>
<doc>Opens a new browser instance to the optional ``url``.</doc>
<status status="PASS" start="2026-04-01T17:14:22.264644" elapsed="10.152839"/>
</kw>
<kw name="Maximize Browser Window" owner="SeleniumLibrary">
<doc>Maximizes current browser window.</doc>
<status status="PASS" start="2026-04-01T17:14:32.418761" elapsed="0.092771"/>
</kw>
<kw name="Get Title" owner="SeleniumLibrary">
<msg time="2026-04-01T17:14:32.547108" level="INFO">${title} = OrangeHRM</msg>
<var>${title}</var>
<doc>Returns the title of the current page.</doc>
<status status="PASS" start="2026-04-01T17:14:32.512405" elapsed="0.034882"/>
</kw>
<return>
<value>${title}</value>
<status status="PASS" start="2026-04-01T17:14:32.547656" elapsed="0.000498"/>
</return>
<msg time="2026-04-01T17:14:32.549127" level="INFO">${PageTitle} = OrangeHRM</msg>
<var>${PageTitle}</var>
<arg>${url}</arg>
<arg>${browser}</arg>
<status status="PASS" start="2026-04-01T17:14:22.262169" elapsed="10.287160"/>
</kw>
<kw name="Log To Console" owner="BuiltIn">
<arg>${PageTitle}</arg>
<doc>Logs the given message to the console.</doc>
<status status="PASS" start="2026-04-01T17:14:32.551074" elapsed="0.002076"/>
</kw>
<kw name="Log" owner="BuiltIn">
<msg time="2026-04-01T17:14:32.555936" level="INFO">OrangeHRM</msg>
<arg>${PageTitle}</arg>
<doc>Logs the given message with the given level.</doc>
<status status="PASS" start="2026-04-01T17:14:32.554422" elapsed="0.001885"/>
</kw>
<kw name="Wait Until Element Is Visible" owner="SeleniumLibrary">
<arg>name:username</arg>
<arg>5s</arg>
<doc>Waits until the element ``locator`` is visible.</doc>
<status status="PASS" start="2026-04-01T17:14:32.557977" elapsed="2.189211"/>
</kw>
<kw name="Input Text" owner="SeleniumLibrary">
<msg time="2026-04-01T17:14:34.755155" level="INFO">Typing text 'Admin' into text field 'name:username'.</msg>
<arg>name:username</arg>
<arg>Admin</arg>
<doc>Types the given ``text`` into the text field identified by ``locator``.</doc>
<status status="PASS" start="2026-04-01T17:14:34.753841" elapsed="0.546081"/>
</kw>
<kw name="Input Text" owner="SeleniumLibrary">
<msg time="2026-04-01T17:14:35.302225" level="INFO">Typing text 'admin123' into text field 'name:password'.</msg>
<arg>name:password</arg>
<arg>admin123</arg>
<doc>Types the given ``text`` into the text field identified by ``locator``.</doc>
<status status="PASS" start="2026-04-01T17:14:35.301341" elapsed="0.694441"/>
</kw>
<status status="PASS" start="2026-04-01T17:14:22.259346" elapsed="13.737803"/>
</test>
<status status="PASS" start="2026-04-01T17:14:20.066571" elapsed="15.934076"/>
</suite>
<statistics>
<total>
<stat pass="1" fail="0" skip="0">All Tests</stat>
</total>
<tag>
</tag>
<suite>
<stat name="UserKeywords" id="s1" pass="1" fail="0" skip="0">UserKeywords</stat>
</suite>
</statistics>
<errors>
</errors>
</robot>
