<?xml version="1.0" encoding="UTF-8"?>
<robot generator="Robot 7.4.2 (Python 3.14.3 on win32)" generated="2026-03-30T12:55:57.718878" rpa="false" schemaversion="5">
<suite id="s1" name="Waits" source="C:\Users\shivangi.sahu\PycharmProjects\PythonProject\Automation_Robot\TestCases\Waits.robot">
<test id="s1-t1" name="WaitTestCases" line="5">
<kw name="Open Browser" owner="SeleniumLibrary">
<msg time="2026-03-30T12:55:58.792055" level="INFO">Opening browser 'chrome' to base url 'https://demowebshop.tricentis.com/register'.</msg>
<arg>https://demowebshop.tricentis.com/register</arg>
<arg>chrome</arg>
<doc>Opens a new browser instance to the optional ``url``.</doc>
<status status="PASS" start="2026-03-30T12:55:58.790681" elapsed="6.672056"/>
</kw>
<kw name="Maximize Browser Window" owner="SeleniumLibrary">
<doc>Maximizes current browser window.</doc>
<status status="PASS" start="2026-03-30T12:56:05.465289" elapsed="0.096325"/>
</kw>
<kw name="Set Selenium Speed" owner="SeleniumLibrary">
<arg>3s</arg>
<doc>Sets the delay that is waited after each Selenium command.</doc>
<status status="PASS" start="2026-03-30T12:56:05.563107" elapsed="0.001385"/>
</kw>
<kw name="Select Radio Button" owner="SeleniumLibrary">
<msg time="2026-03-30T12:56:05.566758" level="INFO">Selecting 'F' from radio button 'Gender'.</msg>
<arg>Gender</arg>
<arg>F</arg>
<doc>Sets the radio button group ``group_name`` to ``value``.</doc>
<status status="PASS" start="2026-03-30T12:56:05.565740" elapsed="9.429545"/>
</kw>
<kw name="Input Text" owner="SeleniumLibrary">
<msg time="2026-03-30T12:56:14.997933" level="INFO">Typing text 'Shivangi' into text field 'id:FirstName'.</msg>
<arg>id:FirstName</arg>
<arg>Shivangi</arg>
<doc>Types the given ``text`` into the text field identified by ``locator``.</doc>
<status status="PASS" start="2026-03-30T12:56:14.996365" elapsed="9.521897"/>
</kw>
<kw name="Input Text" owner="SeleniumLibrary">
<msg time="2026-03-30T12:56:24.519998" level="INFO">Typing text 'Sahu' into text field 'id:LastName'.</msg>
<arg>id:LastName</arg>
<arg>Sahu</arg>
<doc>Types the given ``text`` into the text field identified by ``locator``.</doc>
<status status="PASS" start="2026-03-30T12:56:24.519376" elapsed="9.430563"/>
</kw>
<kw name="Input Text" owner="SeleniumLibrary">
<msg time="2026-03-30T12:56:33.951330" level="INFO">Typing text 'shivangi23@gmail.com' into text field 'id:Email'.</msg>
<arg>id:Email</arg>
<arg>shivangi23@gmail.com</arg>
<doc>Types the given ``text`` into the text field identified by ``locator``.</doc>
<status status="PASS" start="2026-03-30T12:56:33.950841" elapsed="9.464076"/>
</kw>
<kw name="Input Text" owner="SeleniumLibrary">
<msg time="2026-03-30T12:56:43.416656" level="INFO">Typing text 'Shivangi@123' into text field 'id:Password'.</msg>
<arg>id:Password</arg>
<arg>Shivangi@123</arg>
<doc>Types the given ``text`` into the text field identified by ``locator``.</doc>
<status status="PASS" start="2026-03-30T12:56:43.415899" elapsed="9.446274"/>
</kw>
<kw name="Input Text" owner="SeleniumLibrary">
<msg time="2026-03-30T12:56:52.863910" level="INFO">Typing text 'Shivangi@123' into text field 'id:ConfirmPassword'.</msg>
<arg>id:ConfirmPassword</arg>
<arg>Shivangi@123</arg>
<doc>Types the given ``text`` into the text field identified by ``locator``.</doc>
<status status="PASS" start="2026-03-30T12:56:52.863163" elapsed="9.381219"/>
</kw>
<kw name="Close Browser" owner="SeleniumLibrary">
<doc>Closes the current browser.</doc>
<status status="PASS" start="2026-03-30T12:57:02.245774" elapsed="5.479294"/>
</kw>
<status status="PASS" start="2026-03-30T12:55:58.785514" elapsed="68.940703"/>
</test>
<status status="PASS" start="2026-03-30T12:55:57.725052" elapsed="70.003566"/>
</suite>
<statistics>
<total>
<stat pass="1" fail="0" skip="0">All Tests</stat>
</total>
<tag>
</tag>
<suite>
<stat name="Waits" id="s1" pass="1" fail="0" skip="0">Waits</stat>
</suite>
</statistics>
<errors>
</errors>
</robot>
